c:\users\mtent\desktop\hilowgame\hilowgame\debug\hilowgame.pch.codeanalysis
c:\users\mtent\desktop\hilowgame\hilowgame\debug\vc141.pdb
c:\users\mtent\desktop\hilowgame\hilowgame\debug\vc141.idb
c:\users\mtent\desktop\hilowgame\hilowgame\debug\hilowgame.pch.codeanalysisast
c:\users\mtent\desktop\hilowgame\hilowgame\debug\stdafx.nativecodeanalysis.xml
c:\users\mtent\desktop\hilowgame\hilowgame\debug\stdafx.obj
c:\users\mtent\desktop\hilowgame\hilowgame\debug\hilowgame.nativecodeanalysis.xml
c:\users\mtent\desktop\hilowgame\hilowgame\debug\hilowgame.obj
c:\users\mtent\desktop\hilowgame\debug\hilowgame.ilk
c:\users\mtent\desktop\hilowgame\debug\hilowgame.exe
c:\users\mtent\desktop\hilowgame\debug\hilowgame.pdb
c:\users\mtent\desktop\hilowgame\hilowgame\debug\nativecodeanalysis.read.1.tlog
c:\users\mtent\desktop\hilowgame\hilowgame\debug\vc.nativecodeanalysis.all.xml
c:\users\mtent\desktop\hilowgame\debug\hilowgame.exe.lastcodeanalysissucceeded
c:\users\mtent\desktop\hilowgame\hilowgame\debug\hilowgame.tlog\cl.command.1.tlog
c:\users\mtent\desktop\hilowgame\hilowgame\debug\hilowgame.tlog\cl.read.1.tlog
c:\users\mtent\desktop\hilowgame\hilowgame\debug\hilowgame.tlog\cl.write.1.tlog
c:\users\mtent\desktop\hilowgame\hilowgame\debug\hilowgame.tlog\link.command.1.tlog
c:\users\mtent\desktop\hilowgame\hilowgame\debug\hilowgame.tlog\link.read.1.tlog
c:\users\mtent\desktop\hilowgame\hilowgame\debug\hilowgame.tlog\link.write.1.tlog
